------------------------------------------------------------
Creo Simulate Structure Version P-60-33:spg
Error Report
Tue Nov 30, 2021   21:06:21
------------------------------------------------------------
M_error: Didn't find map array to sort
M_error: Didn't find map array to sort
M_error: Didn't find map array to sort
M_error: Didn't find map array to sort
M_error: Didn't find map array to sort
M_error: Didn't find map array to sort
M_error: Didn't find map array to sort
M_error: Didn't find map array to sort
M_error: Didn't find map array to sort
M_error: Didn't find map array to sort
M_error: Didn't find map array to sort
M_error: Didn't find map array to sort
M_error: Didn't find map array to sort
M_error: Didn't find map array to sort
M_error: Didn't find map array to sort
M_error: Didn't find map array to sort
M_error: Didn't find map array to sort
M_error: Didn't find map array to sort
M_error: Didn't find map array to sort
M_error: Didn't find map array to sort
M_error: Didn't find map array to sort
M_error: Didn't find map array to sort
M_error: Didn't find map array to sort
M_error: Didn't find map array to sort
M_error: Didn't find map array to sort
M_error: Didn't find map array to sort
M_error: Didn't find map array to sort
M_error: Didn't find map array to sort
M_error: Didn't find map array to sort
M_error: Didn't find map array to sort
M_error: Didn't find map array to sort
M_error: Didn't find map array to sort
M_error: Didn't find map array to sort
M_error: Didn't find map array to sort
M_error: Didn't find map array to sort
M_error: Didn't find map array to sort
M_error: Didn't find map array to sort
M_error: Didn't find map array to sort
M_error: Didn't find map array to sort
M_error: Didn't find map array to sort
M_error: Didn't find map array to sort
M_error: Didn't find map array to sort
M_error: Didn't find map array to sort
M_error: Didn't find map array to sort
M_error: Didn't find map array to sort
M_error: Didn't find map array to sort
M_error: Didn't find map array to sort
M_error: Didn't find map array to sort
M_error: Didn't find map array to sort
M_error: Didn't find map array to sort
M_error: Didn't find map array to sort
M_error: Didn't find map array to sort
M_error: Didn't find map array to sort
M_error: Didn't find map array to sort
M_error: Didn't find map array to sort
M_error: Didn't find map array to sort
M_error: Didn't find map array to sort
M_error: Didn't find map array to sort
M_error: Didn't find map array to sort
M_error: Didn't find map array to sort
M_error: Didn't find map array to sort
M_error: Didn't find map array to sort
M_error: Didn't find map array to sort
M_error: Didn't find map array to sort
M_error: Didn't find map array to sort
M_error: Didn't find map array to sort
M_error: Didn't find map array to sort
M_error: Didn't find map array to sort
M_error: Didn't find map array to sort
M_error: Didn't find map array to sort
M_error: Didn't find map array to sort
M_error: Didn't find map array to sort
M_error: Didn't find map array to sort
M_error: Didn't find map array to sort
